{"/home/luka/Projects/hyke/sdk/src/sdk.ts": {"path":"/home/luka/Projects/hyke/sdk/src/sdk.ts","statementMap":{"0":{"start":{"line":1,"column":0},"end":{"line":1,"column":53}},"1":{"start":{"line":11,"column":2},"end":{"line":11,"column":15}},"2":{"start":{"line":2,"column":0},"end":{"line":4,"column":38}},"3":{"start":{"line":12,"column":2},"end":{"line":12,"column":19}},"4":{"start":{"line":5,"column":0},"end":{"line":5,"column":39}},"5":{"start":{"line":14,"column":2},"end":{"line":14,"column":9}},"6":{"start":{"line":6,"column":0},"end":{"line":6,"column":25}},"7":{"start":{"line":15,"column":2},"end":{"line":15,"column":7}},"8":{"start":{"line":7,"column":0},"end":{"line":7,"column":71}},"9":{"start":{"line":17,"column":2},"end":{"line":17,"column":18}},"10":{"start":{"line":18,"column":2},"end":{"line":18,"column":25}},"11":{"start":{"line":8,"column":0},"end":{"line":8,"column":40}},"12":{"start":{"line":16,"column":2},"end":{"line":16,"column":13}}},"fnMap":{},"branchMap":{},"s":{"0":1,"1":1,"2":1,"3":1,"4":1,"5":1,"6":1,"7":1,"8":1,"9":1,"10":1,"11":1,"12":1},"f":{},"b":{}}
}
